SF:lib/router_outlet/main.dart
DA:6,0
LF:1
LH:0
end_of_record
SF:lib/router_outlet/app/modules/start/start_page.dart
DA:8,1
DA:9,0
DA:10,0
DA:16,0
DA:18,0
DA:21,0
DA:23,0
DA:24,0
DA:25,0
DA:28,0
DA:43,0
DA:44,0
DA:45,0
DA:46,0
DA:47,0
DA:48,0
DA:49,0
DA:59,0
DA:60,0
DA:61,0
DA:62,0
DA:63,0
DA:64,0
DA:66,0
DA:68,0
DA:77,2
DA:79,0
DA:80,0
DA:82,0
DA:83,0
DA:84,0
DA:85,0
DA:87,0
DA:88,0
DA:89,0
DA:90,0
DA:93,0
DA:95,0
DA:96,0
DA:97,0
DA:99,0
DA:109,1
DA:111,0
DA:113,0
DA:114,0
DA:116,0
DA:117,0
DA:126,1
DA:128,0
DA:137,1
DA:139,0
LF:51
LH:5
end_of_record
SF:lib/router_outlet/app/app_widget.dart
DA:5,0
DA:7,0
DA:8,0
DA:10,0
DA:11,0
DA:12,0
LF:6
LH:0
end_of_record
SF:lib/router_outlet/app/modules/start/pages/configuration_page.dart
DA:5,0
DA:8,0
DA:10,0
DA:11,0
DA:15,0
DA:17,0
DA:19,0
DA:20,0
LF:8
LH:0
end_of_record
SF:lib/router_outlet/app/modules/start/profile/profile_store.g.dart
DA:14,0
DA:16,0
DA:17,0
DA:20,0
DA:22,0
DA:23,0
DA:30,0
DA:32,0
DA:35,0
DA:37,0
DA:41,0
DA:44,0
DA:45,0
LF:13
LH:0
end_of_record
SF:lib/router_outlet/app/modules/start/profile/profile_store.dart
DA:11,0
DA:13,0
LF:2
LH:0
end_of_record
SF:lib/router_outlet/app/modules/start/start_store.g.dart
DA:14,0
DA:16,0
DA:17,0
DA:20,0
DA:22,0
DA:23,0
DA:27,0
DA:30,0
DA:31,0
LF:9
LH:0
end_of_record
